<?xml version="1.0" encoding="UTF-8"?>
<!-- Generated by org.testng.reporters.JUnitReportReporter -->
<testsuite hostname="LAPTOP-JITHUK" failures="0" tests="2" name="JKE2EProjectTests.LoginPageTest" time="14.736" errors="0" timestamp="2021-12-18T21:57:59 IST" skipped="0">
  <testcase classname="JKE2EProjectTests.LoginPageTest" name="LoginTest" time="5.343"/>
  <system-out/>
  <testcase classname="JKE2EProjectTests.LoginPageTest" name="LoginTest" time="9.393"/>
  <system-out/>
</testsuite> <!-- JKE2EProjectTests.LoginPageTest -->
