<?xml version="1.0" encoding="UTF-8"?>
<!-- Generated by org.testng.reporters.JUnitReportReporter -->
<testsuite hostname="LAPTOP-JITHUK" failures="0" tests="1" name="JKE2EProjectTests.HomePageTest" time="9.087" errors="0" timestamp="2021-12-15T13:24:58 IST" skipped="0">
  <testcase classname="JKE2EProjectTests.HomePageTest" name="HomeTest" time="9.087"/>
  <system-out/>
</testsuite> <!-- JKE2EProjectTests.HomePageTest -->
