<?xml version="1.0" encoding="UTF-8"?>
<!-- Generated by org.testng.reporters.JUnitReportReporter -->
<testsuite hostname="LAPTOP-JITHUK" failures="0" tests="2" name="JKE2EProjectTests.LoginPageTest" time="15.951" errors="0" timestamp="2021-12-15T13:24:58 IST" skipped="0">
  <testcase classname="JKE2EProjectTests.LoginPageTest" name="LoginTest" time="6.161"/>
  <system-out/>
  <testcase classname="JKE2EProjectTests.LoginPageTest" name="LoginTest" time="9.790"/>
  <system-out/>
</testsuite> <!-- JKE2EProjectTests.LoginPageTest -->
