<?xml version="1.0" encoding="UTF-8"?>
<!-- Generated by org.testng.reporters.JUnitReportReporter -->
<testsuite hostname="LAPTOP-JITHUK" failures="0" tests="2" name="JKE2EProjectTests.CustomerPageTest" time="8.008" errors="0" timestamp="2021-12-15T13:24:58 IST" skipped="0">
  <testcase classname="JKE2EProjectTests.CustomerPageTest" name="CustomerPageSearchEmailTest" time="5.139"/>
  <system-out/>
  <testcase classname="JKE2EProjectTests.CustomerPageTest" name="CustomerPageSearchFirstNameTest" time="2.869"/>
  <system-out/>
</testsuite> <!-- JKE2EProjectTests.CustomerPageTest -->
